<?xml version="1.0" encoding="UTF-8"?>
<!-- Generated by org.testng.reporters.JUnitReportReporter -->
<testsuite hostname="RajeshKibb" failures="0" tests="1" name="TestPackage.TestClass" time="14.443" errors="0" timestamp="2025-06-11T09:59:40 IST" skipped="0">
  <testcase classname="TestPackage.TestClass" name="login" time="14.443"/>
</testsuite> <!-- TestPackage.TestClass -->
